{"C:\\Users\\Linerol\\Documents\\YNOV\\CI_CD\\ci_ex1\\src\\lib\\displayUserName.ts": {"path":"C:\\Users\\Linerol\\Documents\\YNOV\\CI_CD\\ci_ex1\\src\\lib\\displayUserName.ts","all":false,"statementMap":{"0":{"start":{"line":1,"column":0},"end":{"line":1,"column":52}},"1":{"start":{"line":2,"column":0},"end":{"line":2,"column":0}},"2":{"start":{"line":3,"column":0},"end":{"line":3,"column":56}},"3":{"start":{"line":4,"column":0},"end":{"line":4,"column":46}},"4":{"start":{"line":5,"column":0},"end":{"line":5,"column":2}}},"s":{"0":1,"1":1,"2":1,"3":4,"4":4},"branchMap":{"0":{"type":"branch","line":3,"loc":{"start":{"line":3,"column":31},"end":{"line":5,"column":2}},"locations":[{"start":{"line":3,"column":31},"end":{"line":5,"column":2}}]}},"b":{"0":[4]},"fnMap":{"0":{"name":"displayUserName","decl":{"start":{"line":3,"column":31},"end":{"line":5,"column":2}},"loc":{"start":{"line":3,"column":31},"end":{"line":5,"column":2}},"line":3}},"f":{"0":4}}
}
